C:\Paint-Service\Paint-Service\Paint-Service\wwwroot\js\UIBusinessLogic\Controller\UIController.js
C:\Paint-Service\Paint-Service\Paint-Service\wwwroot\js\UIBusinessLogic\Controller\UIController.js.map
C:\Paint-Service\Paint-Service\Paint-Service\wwwroot\js\UIBusinessLogic\Model\AShape.js
C:\Paint-Service\Paint-Service\Paint-Service\wwwroot\js\UIBusinessLogic\Model\AShape.js.map
C:\Paint-Service\Paint-Service\Paint-Service\wwwroot\js\UIBusinessLogic\Model\ActionEnum.js
C:\Paint-Service\Paint-Service\Paint-Service\wwwroot\js\UIBusinessLogic\Model\ActionEnum.js.map
C:\Paint-Service\Paint-Service\Paint-Service\wwwroot\js\UIBusinessLogic\Model\IContext.js
C:\Paint-Service\Paint-Service\Paint-Service\wwwroot\js\UIBusinessLogic\Model\IContext.js.map
C:\Paint-Service\Paint-Service\Paint-Service\wwwroot\js\UIBusinessLogic\Model\IState.js
C:\Paint-Service\Paint-Service\Paint-Service\wwwroot\js\UIBusinessLogic\Model\IState.js.map
C:\Paint-Service\Paint-Service\Paint-Service\wwwroot\js\UIBusinessLogic\Model\Shape.js
C:\Paint-Service\Paint-Service\Paint-Service\wwwroot\js\UIBusinessLogic\Model\Shape.js.map
C:\Paint-Service\Paint-Service\Paint-Service\wwwroot\js\UIBusinessLogic\Model\State.js
C:\Paint-Service\Paint-Service\Paint-Service\wwwroot\js\UIBusinessLogic\Model\State.js.map
C:\Paint-Service\Paint-Service\Paint-Service\wwwroot\js\UIBusinessLogic\Model\StateFactory.js
C:\Paint-Service\Paint-Service\Paint-Service\wwwroot\js\UIBusinessLogic\Model\StateFactory.js.map
C:\Paint-Service\Paint-Service\Paint-Service\wwwroot\js\View\App.js
C:\Paint-Service\Paint-Service\Paint-Service\wwwroot\js\View\App.js.map
C:\Paint-Service\Paint-Service\Paint-Service\wwwroot\js\View\CanvasContext.js
C:\Paint-Service\Paint-Service\Paint-Service\wwwroot\js\View\CanvasContext.js.map
